[info] ListsSuite:
[info] - one plus one is two
[info] - one plus one is three? *** FAILED ***
[info]   org.scalatest.exceptions.TestFailedException was thrown. (ListsSuite.scala:50)
[info] - details why one plus one is not three *** FAILED ***
[info]   2 did not equal 3 (ListsSuite.scala:75)
[info] - intNotZero throws an exception if its argument is 0
[info] - sum of a few numbers *** FAILED ***
[info]   scala.NotImplementedError: an implementation is missing
[info]   at scala.Predef$.$qmark$qmark$qmark(Predef.scala:230)
[info]   at example.Lists$.sum(Lists.scala:26)
[info]   at example.ListsSuite$$anonfun$5.apply$mcV$sp(ListsSuite.scala:117)
[info]   at example.ListsSuite$$anonfun$5.apply(ListsSuite.scala:117)
[info]   at example.ListsSuite$$anonfun$5.apply(ListsSuite.scala:117)
[info]   at org.scalatest.Transformer$$anonfun$apply$1.apply$mcV$sp(Transformer.scala:22)
[info]   at org.scalatest.OutcomeOf$class.outcomeOf(OutcomeOf.scala:85)
[info]   at org.scalatest.OutcomeOf$.outcomeOf(OutcomeOf.scala:104)
[info]   at org.scalatest.Transformer.apply(Transformer.scala:22)
[info]   at org.scalatest.Transformer.apply(Transformer.scala:20)
[info]   ...
[info] - max of a few numbers *** FAILED ***
[info]   scala.NotImplementedError: an implementation is missing
[info]   at scala.Predef$.$qmark$qmark$qmark(Predef.scala:230)
[info]   at example.Lists$.max(Lists.scala:41)
[info]   at example.ListsSuite$$anonfun$6.apply$mcV$sp(ListsSuite.scala:121)
[info]   at example.ListsSuite$$anonfun$6.apply(ListsSuite.scala:121)
[info]   at example.ListsSuite$$anonfun$6.apply(ListsSuite.scala:121)
[info]   at org.scalatest.Transformer$$anonfun$apply$1.apply$mcV$sp(Transformer.scala:22)
[info]   at org.scalatest.OutcomeOf$class.outcomeOf(OutcomeOf.scala:85)
[info]   at org.scalatest.OutcomeOf$.outcomeOf(OutcomeOf.scala:104)
[info]   at org.scalatest.Transformer.apply(Transformer.scala:22)
[info]   at org.scalatest.Transformer.apply(Transformer.scala:20)
[info]   ...
