[debug] Running TaskDef(example.ListsSuite, org.scalatest.tools.Framework$$anon$1@543c63b6, false, [SuiteSelector])
[info] Run completed in 1 second, 175 milliseconds.
[info] Total number of tests run: 6
[info] Suites: completed 1, aborted 0
[info] Tests: succeeded 2, failed 4, canceled 0, ignored 0, pending 0
[info] *** 4 TESTS FAILED ***
[error] Failed tests:
[error] 	example.ListsSuite
[error] (test:test) sbt.TestsFailedException: Tests unsuccessful
